<?xml version="1.0" encoding="UTF-8"?>
<testng-results ignored="0" total="1" passed="1" failed="0" skipped="0">
  <reporter-output>
  </reporter-output>
  <suite started-at="2024-08-12T10:46:40 IST" name="Suite" finished-at="2024-08-12T10:46:40 IST" duration-ms="31">
    <groups>
    </groups>
    <test started-at="2024-08-12T10:46:40 IST" name="Test" finished-at="2024-08-12T10:46:40 IST" duration-ms="31">
      <class name="testNGBasic.Working_With_ParametersBasic">
        <test-method signature="add(java.lang.String, java.lang.String)[pri:0, instance:testNGBasic.Working_With_ParametersBasic@ec756bd]" started-at="2024-08-12T10:46:40 IST" name="add" finished-at="2024-08-12T10:46:40 IST" duration-ms="6" status="PASS">
          <params>
            <param index="0">
              <value>
                <![CDATA[6]]>
              </value>
            </param>
            <param index="1">
              <value>
                <![CDATA[5]]>
              </value>
            </param>
          </params>
          <reporter-output>
          </reporter-output>
        </test-method> <!-- add -->
      </class> <!-- testNGBasic.Working_With_ParametersBasic -->
    </test> <!-- Test -->
  </suite> <!-- Suite -->
</testng-results>
