<?xml version="1.0" encoding="UTF-8"?>
<!-- Generated by org.testng.reporters.JUnitXMLReporter -->
<testsuite ignored="0" hostname="TYSS-Sujata-Suryabham" failures="0" tests="12" name="Demo WebShopTest" time="33.832" errors="0" timestamp="2024-08-01T12:25:04 IST">
  <testcase classname="testNGBasic.SampleTest" name="Demo" time="0.006"/>
  <testcase classname="testNGBasic.SampleTest" name="TC1" time="0.001"/>
  <testcase classname="testNGBasic.searchTestCase" name="search" time="16.518"/>
  <testcase classname="testNGBasic.VoteTest" name="vote" time="8.989"/>
  <testcase classname="testNGBasic.DemoWS1" name="LoginTest" time="0.001"/>
  <testcase classname="testNGBasic.DemoWS1" name="RegisterTest" time="0.001"/>
  <testcase classname="testNGBasic.DemoWS1" name="Search" time="0.001"/>
  <testcase classname="testNGBasic.DWSPriority" name="RegisterTest" time="0.001"/>
  <testcase classname="testNGBasic.DWSPriority" name="LoginTest" time="0.002"/>
  <testcase classname="testNGBasic.DWSPriority" name="Search" time="0.001"/>
  <testcase classname="testNGBasic.BatchExe" name="exe" time="0.001"/>
  <testcase classname="testNGBasic.SubscribeTC" name="subscribe" time="8.263"/>
</testsuite> <!-- Demo WebShopTest -->
