<?xml version="1.0" encoding="UTF-8"?>
<!-- Generated by org.testng.reporters.JUnitXMLReporter -->
<testsuite ignored="2" hostname="TYSS-Sujata-Suryabham" failures="0" tests="4" name="DWSTest" time="0.039" errors="0" timestamp="2024-08-01T15:53:00 IST">
  <testcase classname="testNGBasic.WorkingWithGrps" name="LoginTest" time="0.006"/>
  <testcase classname="testNGBasic.WorkingWithGrps" name="Registertest" time="0.001"/>
  <testcase classname="testNGBasic.Working_with_grp1" name="AddTocart" time="0.001"/>
  <testcase classname="testNGBasic.Working_with_grp1" name="Subscribetest" time="0.001"/>
  <testcase classname="testNGBasic.Working_with_grp1" name="voteTest" time="0.0">
    <ignored/>
  </testcase> <!-- voteTest -->
  <testcase classname="testNGBasic.WorkingWithGrps" name="SearchTest" time="0.0">
    <ignored/>
  </testcase> <!-- SearchTest -->
</testsuite> <!-- DWSTest -->
